# JRE version: Java(TM) SE Runtime Environment (17.0.9+11) (build 17.0.9+11-LTS-201)
# Java VM: Java HotSpot(TM) 64-Bit Server VM (17.0.9+11-LTS-201, mixed mode, sharing, tiered, compressed oops, compressed class ptrs, g1 gc, windows-amd64)
GC Precious Log:
 CPUs: 20 total, 20 available
 Memory: 32452M
 Large Page Support: Disabled
 NUMA Support: Disabled
 Compressed Oops: Enabled (Zero based)
 Heap Region Size: 4M
 Heap Min Capacity: 8M
 Heap Initial Capacity: 508M
 Heap Max Capacity: 8116M
 Pre-touch: Disabled
 Parallel Workers: 15
 Concurrent Workers: 4
 Concurrent Refinement Workers: 15
 Periodic GC: Disabled
Heap:
 garbage-first heap   total 155648K, used 110348K [0x0000000604c00000, 0x0000000800000000)
  region size 4096K, 11 young (45056K), 2 survivors (8192K)
 Metaspace       used 27451K, committed 27712K, reserved 1114112K
  class space    used 3017K, committed 3136K, reserved 1048576K
GC Heap History (16 events):
Event: 1.193 GC heap before
{Heap before GC invocations=0 (full 0):
 garbage-first heap   total 520192K, used 24576K [0x0000000604c00000, 0x0000000800000000)
  region size 4096K, 6 young (24576K), 0 survivors (0K)
 Metaspace       used 5606K, committed 5760K, reserved 1114112K
  class space    used 668K, committed 768K, reserved 1048576K
}
Event: 1.199 GC heap after
{Heap after GC invocations=1 (full 0):
 garbage-first heap   total 520192K, used 4136K [0x0000000604c00000, 0x0000000800000000)
  region size 4096K, 1 young (4096K), 1 survivors (4096K)
 Metaspace       used 5606K, committed 5760K, reserved 1114112K
  class space    used 668K, committed 768K, reserved 1048576K
}
Event: 2.175 GC heap before
{Heap before GC invocations=1 (full 0):
 garbage-first heap   total 520192K, used 28712K [0x0000000604c00000, 0x0000000800000000)
  region size 4096K, 7 young (28672K), 1 survivors (4096K)
 Metaspace       used 8940K, committed 9088K, reserved 1114112K
  class space    used 1070K, committed 1152K, reserved 1048576K
}
Event: 2.179 GC heap after
{Heap after GC invocations=2 (full 0):
 garbage-first heap   total 520192K, used 5223K [0x0000000604c00000, 0x0000000800000000)
  region size 4096K, 1 young (4096K), 1 survivors (4096K)
 Metaspace       used 8940K, committed 9088K, reserved 1114112K
  class space    used 1070K, committed 1152K, reserved 1048576K
}
Event: 3.943 GC heap before
{Heap before GC invocations=2 (full 0):
 garbage-first heap   total 520192K, used 62567K [0x0000000604c00000, 0x0000000800000000)
  region size 4096K, 15 young (61440K), 1 survivors (4096K)
 Metaspace       used 15598K, committed 15808K, reserved 1114112K
  class space    used 1851K, committed 1920K, reserved 1048576K
}
Event: 3.948 GC heap after
{Heap after GC invocations=3 (full 0):
 garbage-first heap   total 520192K, used 11570K [0x0000000604c00000, 0x0000000800000000)
  region size 4096K, 2 young (8192K), 2 survivors (8192K)
 Metaspace       used 15598K, committed 15808K, reserved 1114112K
  class space    used 1851K, committed 1920K, reserved 1048576K
}
Event: 7.257 GC heap before
{Heap before GC invocations=3 (full 0):
 garbage-first heap   total 520192K, used 175410K [0x0000000604c00000, 0x0000000800000000)
  region size 4096K, 42 young (172032K), 2 survivors (8192K)
 Metaspace       used 16671K, committed 16832K, reserved 1114112K
  class space    used 1860K, committed 1920K, reserved 1048576K
}
Event: 7.267 GC heap after
{Heap after GC invocations=4 (full 0):
 garbage-first heap   total 520192K, used 28641K [0x0000000604c00000, 0x0000000800000000)
  region size 4096K, 6 young (24576K), 6 survivors (24576K)
 Metaspace       used 16671K, committed 16832K, reserved 1114112K
  class space    used 1860K, committed 1920K, reserved 1048576K
}
Event: 9.583 GC heap before
{Heap before GC invocations=4 (full 0):
 garbage-first heap   total 520192K, used 122849K [0x0000000604c00000, 0x0000000800000000)
  region size 4096K, 30 young (122880K), 6 survivors (24576K)
 Metaspace       used 21255K, committed 21504K, reserved 1114112K
  class space    used 2409K, committed 2560K, reserved 1048576K
}
Event: 9.591 GC heap after
{Heap after GC invocations=5 (full 0):
 garbage-first heap   total 520192K, used 36274K [0x0000000604c00000, 0x0000000800000000)
  region size 4096K, 7 young (28672K), 7 survivors (28672K)
 Metaspace       used 21255K, committed 21504K, reserved 1114112K
  class space    used 2409K, committed 2560K, reserved 1048576K
}
Event: 11.270 GC heap before
{Heap before GC invocations=6 (full 0):
 garbage-first heap   total 151552K, used 97714K [0x0000000604c00000, 0x0000000800000000)
  region size 4096K, 22 young (90112K), 7 survivors (28672K)
 Metaspace       used 26452K, committed 26688K, reserved 1114112K
  class space    used 2943K, committed 3072K, reserved 1048576K
}
Event: 11.289 GC heap after
{Heap after GC invocations=7 (full 0):
 garbage-first heap   total 155648K, used 60764K [0x0000000604c00000, 0x0000000800000000)
  region size 4096K, 3 young (12288K), 3 survivors (12288K)
 Metaspace       used 26452K, committed 26688K, reserved 1114112K
  class space    used 2943K, committed 3072K, reserved 1048576K
}
Event: 11.383 GC heap before
{Heap before GC invocations=7 (full 0):
 garbage-first heap   total 155648K, used 64860K [0x0000000604c00000, 0x0000000800000000)
  region size 4096K, 4 young (16384K), 3 survivors (12288K)
 Metaspace       used 26459K, committed 26688K, reserved 1114112K
  class space    used 2943K, committed 3072K, reserved 1048576K
}
Event: 11.389 GC heap after
{Heap after GC invocations=8 (full 0):
 garbage-first heap   total 155648K, used 65297K [0x0000000604c00000, 0x0000000800000000)
  region size 4096K, 1 young (4096K), 1 survivors (4096K)
 Metaspace       used 26459K, committed 26688K, reserved 1114112K
  class space    used 2943K, committed 3072K, reserved 1048576K
}
Event: 12.366 GC heap before
{Heap before GC invocations=8 (full 0):
 garbage-first heap   total 155648K, used 106257K [0x0000000604c00000, 0x0000000800000000)
  region size 4096K, 12 young (49152K), 1 survivors (4096K)
 Metaspace       used 26970K, committed 27264K, reserved 1114112K
  class space    used 2996K, committed 3136K, reserved 1048576K
}
Event: 12.373 GC heap after
{Heap after GC invocations=9 (full 0):
 garbage-first heap   total 155648K, used 77580K [0x0000000604c00000, 0x0000000800000000)
  region size 4096K, 2 young (8192K), 2 survivors (8192K)
 Metaspace       used 26970K, committed 27264K, reserved 1114112K
  class space    used 2996K, committed 3136K, reserved 1048576K
}

